Build started 24/05/2022 14:27:13.
     1>Project "C:\dev\SDLTutorial\SDLTutorial\SDLTutorial.vcxproj" on node 2 (build target(s)).
     1>InitializeBuildStatus:
         Creating "Debug\SDLTutorial.unsuccessfulbuild" because "AlwaysCreate" was specified.
       ClCompile:
         c:\Program Files (x86)\Microsoft Visual Studio 10.0\VC\bin\CL.exe /c /ZI /nologo /W3 /WX- /Od /Oy- /D _MBCS /Gm /EHsc /RTC1 /MDd /GS /fp:precise /Zc:wchar_t /Zc:forScope /Fo"Debug\\" /Fd"Debug\vc100.pdb" /Gd /TP /analyze- /errorReport:prompt catship.cpp invaders.cpp sdlcontrol.cpp main.cpp
         main.cpp
         sdlcontrol.cpp
         invaders.cpp
         catship.cpp
         Generating Code...
       Link:
         c:\Program Files (x86)\Microsoft Visual Studio 10.0\VC\bin\link.exe /ERRORREPORT:PROMPT /OUT:"C:\dev\SDLTutorial\Debug\SDLTutorial.exe" /NOLOGO SDL2.lib SDL2main.lib kernel32.lib user32.lib gdi32.lib winspool.lib comdlg32.lib advapi32.lib shell32.lib ole32.lib oleaut32.lib uuid.lib odbc32.lib odbccp32.lib /MANIFEST /ManifestFile:"Debug\SDLTutorial.exe.intermediate.manifest" /MANIFESTUAC:"level='asInvoker' uiAccess='false'" /DEBUG /PDB:"C:\dev\SDLTutorial\Debug\SDLTutorial.pdb" /SUBSYSTEM:CONSOLE /TLBID:1 /DYNAMICBASE /NXCOMPAT /IMPLIB:"C:\dev\SDLTutorial\Debug\SDLTutorial.lib" /MACHINE:X86 Debug\catship.obj
         Debug\invaders.obj
         Debug\sdlcontrol.obj
         Debug\main.obj
         LINK : C:\dev\SDLTutorial\Debug\SDLTutorial.exe not found or not built by the last incremental link; performing full link
         SDLTutorial.vcxproj -> C:\dev\SDLTutorial\Debug\SDLTutorial.exe
       Manifest:
         c:\Program Files (x86)\Microsoft SDKs\Windows\v7.0A\bin\mt.exe /nologo /verbose /outputresource:"C:\dev\SDLTutorial\Debug\SDLTutorial.exe;#1" /manifest Debug\SDLTutorial.exe.intermediate.manifest
       FinalizeBuildStatus:
         Deleting file "Debug\SDLTutorial.unsuccessfulbuild".
         Touching "Debug\SDLTutorial.lastbuildstate".
     1>Done Building Project "C:\dev\SDLTutorial\SDLTutorial\SDLTutorial.vcxproj" (build target(s)).

Build succeeded.

Time Elapsed 00:00:02.48
